{
  message: 'Database is connected Successfully',
  level: 'info',
  label: 'success',
  timestamp: '2023-06-10T05:01:17.993Z'
}
{
  message: 'Application listing on port 6000',
  level: 'info',
  label: 'success',
  timestamp: '2023-06-10T05:01:18.009Z'
}
{
  message: 'Database is connected Successfully',
  level: 'info',
  label: 'success',
  timestamp: '2023-06-10T05:12:47.509Z'
}
{
  message: 'Application listing on port 6000',
  level: 'info',
  label: 'success',
  timestamp: '2023-06-10T05:12:47.523Z'
}
{
  message: 'Database is connected Successfully',
  level: 'info',
  label: 'success',
  timestamp: '2023-06-10T05:13:33.194Z'
}
{
  message: 'Application listing on port 6000',
  level: 'info',
  label: 'success',
  timestamp: '2023-06-10T05:13:33.211Z'
}
{
  message: 'Database is connected Successfully',
  level: 'info',
  label: 'success',
  timestamp: '2023-06-10T05:19:16.047Z'
}
{
  message: 'Application listing on port 6000',
  level: 'info',
  label: 'success',
  timestamp: '2023-06-10T05:19:16.074Z'
}
{
  message: 'Database is connected Successfully',
  level: 'info',
  label: 'success',
  timestamp: '2023-06-10T05:20:16.848Z'
}
{
  message: 'Application listing on port 6000',
  level: 'info',
  label: 'success',
  timestamp: '2023-06-10T05:20:16.873Z'
}
