{
  message: 'Database is connected Successfully',
  level: 'info',
  label: 'success',
  timestamp: '2023-06-11T05:00:10.173Z'
}
{
  message: 'Application listing on port 5000',
  level: 'info',
  label: 'success',
  timestamp: '2023-06-11T05:00:10.181Z'
}
{
  message: 'Database is connected Successfully',
  level: 'info',
  label: 'success',
  timestamp: '2023-06-11T05:27:31.573Z'
}
{
  message: 'Application listing on port 5000',
  level: 'info',
  label: 'success',
  timestamp: '2023-06-11T05:27:31.584Z'
}
{
  message: 'Database is connected Successfully',
  level: 'info',
  label: 'success',
  timestamp: '2023-06-11T05:31:15.917Z'
}
{
  message: 'Application listing on port 5000',
  level: 'info',
  label: 'success',
  timestamp: '2023-06-11T05:31:15.929Z'
}
{
  message: 'Database is connected Successfully',
  level: 'info',
  label: 'success',
  timestamp: '2023-06-11T05:34:42.127Z'
}
{
  message: 'Application listing on port 5000',
  level: 'info',
  label: 'success',
  timestamp: '2023-06-11T05:34:42.142Z'
}
{
  message: 'Database is connected Successfully',
  level: 'info',
  label: 'success',
  timestamp: '2023-06-11T05:34:57.448Z'
}
{
  message: 'Application listing on port 5000',
  level: 'info',
  label: 'success',
  timestamp: '2023-06-11T05:34:57.457Z'
}
{
  message: 'Database is connected Successfully',
  level: 'info',
  label: 'success',
  timestamp: '2023-06-11T05:36:10.037Z'
}
{
  message: 'Application listing on port 5000',
  level: 'info',
  label: 'success',
  timestamp: '2023-06-11T05:36:10.053Z'
}
{
  message: 'Database is connected Successfully',
  level: 'info',
  label: 'success',
  timestamp: '2023-06-11T05:36:38.448Z'
}
{
  message: 'Application listing on port 5000',
  level: 'info',
  label: 'success',
  timestamp: '2023-06-11T05:36:38.464Z'
}
{
  message: 'Database is connected Successfully',
  level: 'info',
  label: 'success',
  timestamp: '2023-06-11T05:38:19.500Z'
}
{
  message: 'Application listing on port 5000',
  level: 'info',
  label: 'success',
  timestamp: '2023-06-11T05:38:19.521Z'
}
