{
  message: 'Database is connected Successfully',
  level: 'info',
  label: 'success',
  timestamp: '2023-06-11T06:21:27.049Z'
}
{
  message: 'Application listing on port 5000',
  level: 'info',
  label: 'success',
  timestamp: '2023-06-11T06:21:27.082Z'
}
{
  message: 'Database is connected Successfully',
  level: 'info',
  label: 'success',
  timestamp: '2023-06-11T06:22:28.858Z'
}
{
  message: 'Application listing on port 5000',
  level: 'info',
  label: 'success',
  timestamp: '2023-06-11T06:22:28.875Z'
}
{
  message: 'Database is connected Successfully',
  level: 'info',
  label: 'success',
  timestamp: '2023-06-11T06:22:58.227Z'
}
{
  message: 'Application listing on port 5000',
  level: 'info',
  label: 'success',
  timestamp: '2023-06-11T06:22:58.247Z'
}
{
  message: 'Database is connected Successfully',
  level: 'info',
  label: 'success',
  timestamp: '2023-06-11T06:23:24.827Z'
}
{
  message: 'Application listing on port 5000',
  level: 'info',
  label: 'success',
  timestamp: '2023-06-11T06:23:24.847Z'
}
{
  message: 'Database is connected Successfully',
  level: 'info',
  label: 'success',
  timestamp: '2023-06-11T06:24:52.275Z'
}
{
  message: 'Application listing on port 5000',
  level: 'info',
  label: 'success',
  timestamp: '2023-06-11T06:24:52.287Z'
}
{
  message: 'Database is connected Successfully',
  level: 'info',
  label: 'success',
  timestamp: '2023-06-11T06:25:16.341Z'
}
{
  message: 'Application listing on port 5000',
  level: 'info',
  label: 'success',
  timestamp: '2023-06-11T06:25:16.357Z'
}
Sun Jun 11 2023 12:33:52 [success] info: Database is connected Successfully
Sun Jun 11 2023 12:33:52 [success] info: Application listing on port 5000
Sun Jun 11 2023 12:34:9 [success] info: Database is connected Successfully
Sun Jun 11 2023 12:34:9 [success] info: Application listing on port 5000
Sun Jun 11 2023 12:35:42 [success] info: Database is connected Successfully
Sun Jun 11 2023 12:35:42 [success] info: Application listing on port 5000
Sun Jun 11 2023 12:35:48 [success] info: Database is connected Successfully
Sun Jun 11 2023 12:35:48 [success] info: Application listing on port 5000
Sun Jun 11 2023 12:48:30 [success] info: Database is connected Successfully
Sun Jun 11 2023 12:48:30 [success] info: Application listing on port 5000
