{
  message: 'Database is connected Successfully',
  level: 'info',
  label: 'success',
  timestamp: '2023-06-10T04:18:51.462Z'
}
{
  message: 'Application listing on port 6000',
  level: 'info',
  label: 'success',
  timestamp: '2023-06-10T04:18:51.475Z'
}
{
  message: 'Database is connected Successfully',
  level: 'info',
  label: 'success',
  timestamp: '2023-06-10T04:33:21.602Z'
}
{
  message: 'Application listing on port 6000',
  level: 'info',
  label: 'success',
  timestamp: '2023-06-10T04:33:21.620Z'
}
{
  message: 'Database is connected Successfully',
  level: 'info',
  label: 'success',
  timestamp: '2023-06-10T04:35:16.894Z'
}
{
  message: 'Application listing on port 6000',
  level: 'info',
  label: 'success',
  timestamp: '2023-06-10T04:35:16.911Z'
}
{
  message: 'Database is connected Successfully',
  level: 'info',
  label: 'success',
  timestamp: '2023-06-10T04:37:19.164Z'
}
{
  message: 'Application listing on port 6000',
  level: 'info',
  label: 'success',
  timestamp: '2023-06-10T04:37:19.181Z'
}
{
  message: 'Database is connected Successfully',
  level: 'info',
  label: 'success',
  timestamp: '2023-06-10T04:49:58.078Z'
}
{
  message: 'Application listing on port 6000',
  level: 'info',
  label: 'success',
  timestamp: '2023-06-10T04:49:58.094Z'
}
{
  message: 'Database is connected Successfully',
  level: 'info',
  label: 'success',
  timestamp: '2023-06-10T04:50:39.199Z'
}
{
  message: 'Application listing on port 6000',
  level: 'info',
  label: 'success',
  timestamp: '2023-06-10T04:50:39.215Z'
}
{
  message: 'Database is connected Successfully',
  level: 'info',
  label: 'success',
  timestamp: '2023-06-10T04:51:32.576Z'
}
{
  message: 'Application listing on port 6000',
  level: 'info',
  label: 'success',
  timestamp: '2023-06-10T04:51:32.588Z'
}
{
  message: 'Database is connected Successfully',
  level: 'info',
  label: 'success',
  timestamp: '2023-06-10T04:54:53.701Z'
}
{
  message: 'Application listing on port 6000',
  level: 'info',
  label: 'success',
  timestamp: '2023-06-10T04:54:53.716Z'
}
{
  message: 'Database is connected Successfully',
  level: 'info',
  label: 'success',
  timestamp: '2023-06-10T04:56:03.288Z'
}
{
  message: 'Application listing on port 6000',
  level: 'info',
  label: 'success',
  timestamp: '2023-06-10T04:56:03.306Z'
}
