{
  message: 'Database is connected Successfully',
  level: 'info',
  label: 'success',
  timestamp: '2023-06-09T10:13:09.159Z'
}
{
  message: 'Application listing on port 6000',
  level: 'info',
  label: 'success',
  timestamp: '2023-06-09T10:13:09.175Z'
}
{
  message: 'Database is connected Successfully',
  level: 'info',
  label: 'success',
  timestamp: '2023-06-09T10:17:15.911Z'
}
{
  message: 'Application listing on port 6000',
  level: 'info',
  label: 'success',
  timestamp: '2023-06-09T10:17:15.930Z'
}
{
  message: 'Database is connected Successfully',
  level: 'info',
  label: 'success',
  timestamp: '2023-06-09T10:18:10.840Z'
}
{
  message: 'Application listing on port 6000',
  level: 'info',
  label: 'success',
  timestamp: '2023-06-09T10:18:10.852Z'
}
{
  message: 'Database is connected Successfully',
  level: 'info',
  label: 'success',
  timestamp: '2023-06-09T10:21:59.516Z'
}
{
  message: 'Application listing on port 6000',
  level: 'info',
  label: 'success',
  timestamp: '2023-06-09T10:21:59.534Z'
}
{
  message: 'Database is connected Successfully',
  level: 'info',
  label: 'success',
  timestamp: '2023-06-09T10:22:15.741Z'
}
{
  message: 'Application listing on port 6000',
  level: 'info',
  label: 'success',
  timestamp: '2023-06-09T10:22:15.755Z'
}
{
  message: 'Database is connected Successfully',
  level: 'info',
  label: 'success',
  timestamp: '2023-06-09T10:23:11.437Z'
}
{
  message: 'Application listing on port 6000',
  level: 'info',
  label: 'success',
  timestamp: '2023-06-09T10:23:11.446Z'
}
{
  message: 'Database is connected Successfully',
  level: 'info',
  label: 'success',
  timestamp: '2023-06-09T10:27:16.083Z'
}
{
  message: 'Application listing on port 6000',
  level: 'info',
  label: 'success',
  timestamp: '2023-06-09T10:27:16.099Z'
}
{
  message: 'Database is connected Successfully',
  level: 'info',
  label: 'success',
  timestamp: '2023-06-09T10:29:24.097Z'
}
{
  message: 'Application listing on port 6000',
  level: 'info',
  label: 'success',
  timestamp: '2023-06-09T10:29:24.108Z'
}
