{
  message: 'Database is connected Successfully',
  level: 'info',
  label: 'success',
  timestamp: '2023-06-09T11:26:57.680Z'
}
{
  message: 'Application listing on port 6000',
  level: 'info',
  label: 'success',
  timestamp: '2023-06-09T11:26:57.698Z'
}
{
  message: 'Database is connected Successfully',
  level: 'info',
  label: 'success',
  timestamp: '2023-06-09T11:27:50.161Z'
}
{
  message: 'Application listing on port 6000',
  level: 'info',
  label: 'success',
  timestamp: '2023-06-09T11:27:50.176Z'
}
{
  message: 'Database is connected Successfully',
  level: 'info',
  label: 'success',
  timestamp: '2023-06-09T11:53:31.856Z'
}
{
  message: 'Application listing on port 6000',
  level: 'info',
  label: 'success',
  timestamp: '2023-06-09T11:53:31.867Z'
}
{
  message: 'Database is connected Successfully',
  level: 'info',
  label: 'success',
  timestamp: '2023-06-09T11:54:59.475Z'
}
{
  message: 'Application listing on port 6000',
  level: 'info',
  label: 'success',
  timestamp: '2023-06-09T11:54:59.486Z'
}
{
  message: 'Database is connected Successfully',
  level: 'info',
  label: 'success',
  timestamp: '2023-06-09T11:55:49.982Z'
}
{
  message: 'Application listing on port 6000',
  level: 'info',
  label: 'success',
  timestamp: '2023-06-09T11:55:49.992Z'
}
{
  message: 'Database is connected Successfully',
  level: 'info',
  label: 'success',
  timestamp: '2023-06-09T11:56:08.747Z'
}
{
  message: 'Application listing on port 6000',
  level: 'info',
  label: 'success',
  timestamp: '2023-06-09T11:56:08.758Z'
}
{
  message: 'Database is connected Successfully',
  level: 'info',
  label: 'success',
  timestamp: '2023-06-09T11:56:28.700Z'
}
{
  message: 'Application listing on port 6000',
  level: 'info',
  label: 'success',
  timestamp: '2023-06-09T11:56:28.714Z'
}
{
  message: 'Database is connected Successfully',
  level: 'info',
  label: 'success',
  timestamp: '2023-06-09T11:56:50.807Z'
}
{
  message: 'Application listing on port 6000',
  level: 'info',
  label: 'success',
  timestamp: '2023-06-09T11:56:50.818Z'
}
