{
  message: 'Database is connected Successfully',
  level: 'info',
  label: 'success',
  timestamp: '2023-06-11T04:38:45.962Z'
}
{
  message: 'Application listing on port 5000',
  level: 'info',
  label: 'success',
  timestamp: '2023-06-11T04:38:45.982Z'
}
{
  message: 'Database is connected Successfully',
  level: 'info',
  label: 'success',
  timestamp: '2023-06-11T04:50:59.443Z'
}
{
  message: 'Application listing on port 5000',
  level: 'info',
  label: 'success',
  timestamp: '2023-06-11T04:50:59.451Z'
}
{
  message: 'Database is connected Successfully',
  level: 'info',
  label: 'success',
  timestamp: '2023-06-11T04:51:49.032Z'
}
{
  message: 'Application listing on port 5000',
  level: 'info',
  label: 'success',
  timestamp: '2023-06-11T04:51:49.047Z'
}
{
  message: 'Database is connected Successfully',
  level: 'info',
  label: 'success',
  timestamp: '2023-06-11T04:57:02.297Z'
}
{
  message: 'Application listing on port 5000',
  level: 'info',
  label: 'success',
  timestamp: '2023-06-11T04:57:02.312Z'
}
{
  message: 'Database is connected Successfully',
  level: 'info',
  label: 'success',
  timestamp: '2023-06-11T04:57:50.449Z'
}
{
  message: 'Application listing on port 5000',
  level: 'info',
  label: 'success',
  timestamp: '2023-06-11T04:57:50.458Z'
}
