{
  message: 'Database is connected Successfully',
  level: 'info',
  label: 'success',
  timestamp: '2023-06-10T16:09:03.752Z'
}
{
  message: 'Application listing on port 3000',
  level: 'info',
  label: 'success',
  timestamp: '2023-06-10T16:09:03.762Z'
}
{
  message: 'Database is connected Successfully',
  level: 'info',
  label: 'success',
  timestamp: '2023-06-10T16:10:02.513Z'
}
{
  message: 'Application listing on port 3000',
  level: 'info',
  label: 'success',
  timestamp: '2023-06-10T16:10:02.531Z'
}
{
  message: 'Database is connected Successfully',
  level: 'info',
  label: 'success',
  timestamp: '2023-06-10T16:10:55.037Z'
}
{
  message: 'Application listing on port 3000',
  level: 'info',
  label: 'success',
  timestamp: '2023-06-10T16:10:55.051Z'
}
{
  message: 'Database is connected Successfully',
  level: 'info',
  label: 'success',
  timestamp: '2023-06-10T16:11:49.208Z'
}
{
  message: 'Application listing on port 3000',
  level: 'info',
  label: 'success',
  timestamp: '2023-06-10T16:11:49.217Z'
}
{
  message: 'Database is connected Successfully',
  level: 'info',
  label: 'success',
  timestamp: '2023-06-10T16:15:30.543Z'
}
{
  message: 'Application listing on port 3000',
  level: 'info',
  label: 'success',
  timestamp: '2023-06-10T16:15:30.573Z'
}
{
  message: 'Database is connected Successfully',
  level: 'info',
  label: 'success',
  timestamp: '2023-06-10T16:15:37.033Z'
}
{
  message: 'Application listing on port 3000',
  level: 'info',
  label: 'success',
  timestamp: '2023-06-10T16:15:37.070Z'
}
{
  message: 'Database is connected Successfully',
  level: 'info',
  label: 'success',
  timestamp: '2023-06-10T16:16:22.802Z'
}
{
  message: 'Application listing on port 3000',
  level: 'info',
  label: 'success',
  timestamp: '2023-06-10T16:16:22.814Z'
}
{
  message: 'Database is connected Successfully',
  level: 'info',
  label: 'success',
  timestamp: '2023-06-10T16:17:25.359Z'
}
{
  message: 'Application listing on port 3000',
  level: 'info',
  label: 'success',
  timestamp: '2023-06-10T16:17:25.376Z'
}
{
  message: 'Database is connected Successfully',
  level: 'info',
  label: 'success',
  timestamp: '2023-06-10T16:18:02.052Z'
}
{
  message: 'Application listing on port 3000',
  level: 'info',
  label: 'success',
  timestamp: '2023-06-10T16:18:02.067Z'
}
{
  message: 'Database is connected Successfully',
  level: 'info',
  label: 'success',
  timestamp: '2023-06-10T16:21:35.887Z'
}
{
  message: 'Application listing on port 3000',
  level: 'info',
  label: 'success',
  timestamp: '2023-06-10T16:21:35.902Z'
}
{
  message: 'Database is connected Successfully',
  level: 'info',
  label: 'success',
  timestamp: '2023-06-10T16:24:04.764Z'
}
{
  message: 'Application listing on port 3000',
  level: 'info',
  label: 'success',
  timestamp: '2023-06-10T16:24:04.776Z'
}
{
  message: 'Database is connected Successfully',
  level: 'info',
  label: 'success',
  timestamp: '2023-06-10T16:54:25.216Z'
}
{
  message: 'Application listing on port 3000',
  level: 'info',
  label: 'success',
  timestamp: '2023-06-10T16:54:25.230Z'
}
{
  message: 'Database is connected Successfully',
  level: 'info',
  label: 'success',
  timestamp: '2023-06-10T16:57:13.636Z'
}
{
  message: 'Application listing on port 3000',
  level: 'info',
  label: 'success',
  timestamp: '2023-06-10T16:57:13.655Z'
}
