{
  ok: 0,
  code: 8000,
  codeName: 'AtlasError',
  connectionGeneration: 0,
  level: 'error',
  message: 'Failed to connect database bad auth : Authentication failed.',
  stack: 'MongoServerError: bad auth : Authentication failed.\n' +
    '    at Connection.onMessage (F:\\PH-2.0\\University Management\\university-management-auth-service\\node_modules\\.pnpm\\mongodb@5.5.0\\node_modules\\mongodb\\src\\cmap\\connection.ts:413:18)\n' +
    '    at MessageStream.<anonymous> (F:\\PH-2.0\\University Management\\university-management-auth-service\\node_modules\\.pnpm\\mongodb@5.5.0\\node_modules\\mongodb\\src\\cmap\\connection.ts:243:56)\n' +
    '    at MessageStream.emit (node:events:513:28)\n' +
    '    at MessageStream.emit (node:domain:489:12)\n' +
    '    at processIncomingData (F:\\PH-2.0\\University Management\\university-management-auth-service\\node_modules\\.pnpm\\mongodb@5.5.0\\node_modules\\mongodb\\src\\cmap\\message_stream.ts:187:12)\n' +
    '    at MessageStream._write (F:\\PH-2.0\\University Management\\university-management-auth-service\\node_modules\\.pnpm\\mongodb@5.5.0\\node_modules\\mongodb\\src\\cmap\\message_stream.ts:68:5)\n' +
    '    at writeOrBuffer (node:internal/streams/writable:392:12)\n' +
    '    at _write (node:internal/streams/writable:333:10)\n' +
    '    at MessageStream.Writable.write (node:internal/streams/writable:337:10)\n' +
    '    at TLSSocket.ondata (node:internal/streams/readable:766:22)',
  label: 'success',
  timestamp: '2023-06-09T08:30:58.387Z',
  [Symbol(errorLabels)]: Set(2) { 'HandshakeError', 'ResetPool' }
}
{
  ok: 0,
  code: 8000,
  codeName: 'AtlasError',
  connectionGeneration: 0,
  level: 'error',
  message: 'Failed to connect database bad auth : Authentication failed.',
  stack: 'MongoServerError: bad auth : Authentication failed.\n' +
    '    at Connection.onMessage (F:\\PH-2.0\\University Management\\university-management-auth-service\\node_modules\\.pnpm\\mongodb@5.5.0\\node_modules\\mongodb\\src\\cmap\\connection.ts:413:18)\n' +
    '    at MessageStream.<anonymous> (F:\\PH-2.0\\University Management\\university-management-auth-service\\node_modules\\.pnpm\\mongodb@5.5.0\\node_modules\\mongodb\\src\\cmap\\connection.ts:243:56)\n' +
    '    at MessageStream.emit (node:events:513:28)\n' +
    '    at MessageStream.emit (node:domain:489:12)\n' +
    '    at processIncomingData (F:\\PH-2.0\\University Management\\university-management-auth-service\\node_modules\\.pnpm\\mongodb@5.5.0\\node_modules\\mongodb\\src\\cmap\\message_stream.ts:187:12)\n' +
    '    at MessageStream._write (F:\\PH-2.0\\University Management\\university-management-auth-service\\node_modules\\.pnpm\\mongodb@5.5.0\\node_modules\\mongodb\\src\\cmap\\message_stream.ts:68:5)\n' +
    '    at writeOrBuffer (node:internal/streams/writable:392:12)\n' +
    '    at _write (node:internal/streams/writable:333:10)\n' +
    '    at MessageStream.Writable.write (node:internal/streams/writable:337:10)\n' +
    '    at TLSSocket.ondata (node:internal/streams/readable:766:22)',
  label: 'error',
  timestamp: '2023-06-09T08:32:04.282Z',
  [Symbol(errorLabels)]: Set(2) { 'HandshakeError', 'ResetPool' }
}
Fri Jun 09 2023 14:33:46 [error] error: Failed to connect database bad auth : Authentication failed.
Fri Jun 09 2023 14:33:56 [error] error: Failed to connect database bad auth : Authentication failed.
